Using pre-set license
Built from '2021.3/staging' branch; Version is '2021.3.6f1 (7da38d85baf6) revision 8233869'; Using compiler version '192829333'; Build Type 'Release'
OS: 'Windows 10  (10.0.19045) 64bit Professional' Language: 'en' Physical Memory: 16316 MB
BatchMode: 1, IsHumanControllingUs: 0, StartBugReporterOnCrash: 0, Is64bit: 1, IsPro: 1

COMMAND LINE ARGUMENTS:
C:\Program Files\Unity\Hub\Editor\2021.3.6f1\Editor\Unity.exe
-adb2
-batchMode
-noUpm
-name
AssetImportWorker0
-projectPath
F:/Program Files (x86)/GitHub/Project-Stonehaven/Project Stonehaven
-logFile
Logs/AssetImportWorker0.log
-srvPort
51099
Successfully changed project path to: F:/Program Files (x86)/GitHub/Project-Stonehaven/Project Stonehaven
F:/Program Files (x86)/GitHub/Project-Stonehaven/Project Stonehaven
[UnityMemory] Configuration Parameters - Can be set up in boot.config
    "memorysetup-bucket-allocator-granularity=16"
    "memorysetup-bucket-allocator-bucket-count=8"
    "memorysetup-bucket-allocator-block-size=33554432"
    "memorysetup-bucket-allocator-block-count=8"
    "memorysetup-main-allocator-block-size=16777216"
    "memorysetup-thread-allocator-block-size=16777216"
    "memorysetup-gfx-main-allocator-block-size=16777216"
    "memorysetup-gfx-thread-allocator-block-size=16777216"
    "memorysetup-cache-allocator-block-size=4194304"
    "memorysetup-typetree-allocator-block-size=2097152"
    "memorysetup-profiler-bucket-allocator-granularity=16"
    "memorysetup-profiler-bucket-allocator-bucket-count=8"
    "memorysetup-profiler-bucket-allocator-block-size=33554432"
    "memorysetup-profiler-bucket-allocator-block-count=8"
    "memorysetup-profiler-allocator-block-size=16777216"
    "memorysetup-profiler-editor-allocator-block-size=1048576"
    "memorysetup-temp-allocator-size-main=16777216"
    "memorysetup-job-temp-allocator-block-size=2097152"
    "memorysetup-job-temp-allocator-block-size-background=1048576"
    "memorysetup-job-temp-allocator-reduction-small-platforms=262144"
    "memorysetup-temp-allocator-size-background-worker=32768"
    "memorysetup-temp-allocator-size-job-worker=262144"
    "memorysetup-temp-allocator-size-preload-manager=33554432"
    "memorysetup-temp-allocator-size-nav-mesh-worker=65536"
    "memorysetup-temp-allocator-size-audio-worker=65536"
    "memorysetup-temp-allocator-size-cloud-worker=32768"
    "memorysetup-temp-allocator-size-gi-baking-worker=262144"
    "memorysetup-temp-allocator-size-gfx=262144"
Refreshing native plugins compatible for Editor in 151.40 ms, found 4 plugins.
Preloading 0 native plugins for Editor in 0.00 ms.
Initialize engine version: 2021.3.6f1 (7da38d85baf6)
[Subsystems] Discovering subsystems at path C:/Program Files/Unity/Hub/Editor/2021.3.6f1/Editor/Data/Resources/UnitySubsystems
[Subsystems] Discovering subsystems at path F:/Program Files (x86)/GitHub/Project-Stonehaven/Project Stonehaven/Assets
GfxDevice: creating device client; threaded=0; jobified=0
Direct3D:
    Version:  Direct3D 11.0 [level 11.1]
    Renderer: NVIDIA GeForce RTX 3060 (ID=0x2504)
    Vendor:   NVIDIA
    VRAM:     12115 MB
    Driver:   32.0.15.7216
Initialize mono
Mono path[0] = 'C:/Program Files/Unity/Hub/Editor/2021.3.6f1/Editor/Data/Managed'
Mono path[1] = 'C:/Program Files/Unity/Hub/Editor/2021.3.6f1/Editor/Data/MonoBleedingEdge/lib/mono/unityjit-win32'
Mono config path = 'C:/Program Files/Unity/Hub/Editor/2021.3.6f1/Editor/Data/MonoBleedingEdge/etc'
Using monoOptions --debugger-agent=transport=dt_socket,embedding=1,server=y,suspend=n,address=127.0.0.1:56116
Begin MonoManager ReloadAssembly
Registering precompiled unity dll's ...
Register platform support module: C:/Program Files/Unity/Hub/Editor/2021.3.6f1/Editor/Data/PlaybackEngines/WebGLSupport/UnityEditor.WebGL.Extensions.dll
Register platform support module: C:/Program Files/Unity/Hub/Editor/2021.3.6f1/Editor/Data/PlaybackEngines/WindowsStandaloneSupport/UnityEditor.WindowsStandalone.Extensions.dll
Register platform support module: C:/Program Files/Unity/Hub/Editor/2021.3.6f1/Editor/Data/PlaybackEngines/MetroSupport/UnityEditor.UWP.Extensions.dll
Registered in 0.020054 seconds.
Native extension for UWP target not found
Native extension for WindowsStandalone target not found
Native extension for WebGL target not found
Refreshing native plugins compatible for Editor in 147.54 ms, found 4 plugins.
Preloading 0 native plugins for Editor in 0.00 ms.
Mono: successfully reloaded assembly
- Completed reload, in  0.896 seconds
Domain Reload Profiling:
	ReloadAssembly (896ms)
		BeginReloadAssembly (111ms)
			ExecutionOrderSort (0ms)
			DisableScriptedObjects (0ms)
			BackupInstance (0ms)
			ReleaseScriptingObjects (0ms)
			CreateAndSetChildDomain (1ms)
		EndReloadAssembly (618ms)
			LoadAssemblies (107ms)
			RebuildTransferFunctionScriptingTraits (0ms)
			SetupTypeCache (133ms)
			ReleaseScriptCaches (0ms)
			RebuildScriptCaches (33ms)
			SetupLoadedEditorAssemblies (381ms)
				LogAssemblyErrors (0ms)
				InitializePlatformSupportModulesInManaged (16ms)
				SetLoadedEditorAssemblies (0ms)
				RefreshPlugins (148ms)
				BeforeProcessingInitializeOnLoad (2ms)
				ProcessInitializeOnLoadAttributes (157ms)
				ProcessInitializeOnLoadMethodAttributes (58ms)
				AfterProcessingInitializeOnLoad (0ms)
				EditorAssembliesLoaded (0ms)
			ExecutionOrderSort2 (0ms)
			AwakeInstancesAfterBackupRestoration (0ms)
Platform modules already initialized, skipping
Registering precompiled user dll's ...
Registered in 0.011664 seconds.
Begin MonoManager ReloadAssembly
Symbol file LoadedFromMemory doesn't match image F:\Program Files (x86)\GitHub\Project-Stonehaven\Project Stonehaven\Library\PackageCache\com.unity.visualscripting@1.7.8\Editor\VisualScripting.Core\Dependencies\YamlDotNet\Unity.VisualScripting.YamlDotNet.dll
Symbol file LoadedFromMemory doesn't match image F:\Program Files (x86)\GitHub\Project-Stonehaven\Project Stonehaven\Library\PackageCache\com.unity.visualscripting@1.7.8\Editor\VisualScripting.Core\Dependencies\DotNetZip\Unity.VisualScripting.IonicZip.dll
Native extension for UWP target not found
Native extension for WindowsStandalone target not found
Native extension for WebGL target not found
Refreshing native plugins compatible for Editor in 147.68 ms, found 4 plugins.
Preloading 0 native plugins for Editor in 0.00 ms.
Mono: successfully reloaded assembly
- Completed reload, in  1.747 seconds
Domain Reload Profiling:
	ReloadAssembly (1748ms)
		BeginReloadAssembly (166ms)
			ExecutionOrderSort (0ms)
			DisableScriptedObjects (7ms)
			BackupInstance (0ms)
			ReleaseScriptingObjects (0ms)
			CreateAndSetChildDomain (29ms)
		EndReloadAssembly (1416ms)
			LoadAssemblies (155ms)
			RebuildTransferFunctionScriptingTraits (0ms)
			SetupTypeCache (350ms)
			ReleaseScriptCaches (1ms)
			RebuildScriptCaches (80ms)
			SetupLoadedEditorAssemblies (795ms)
				LogAssemblyErrors (0ms)
				InitializePlatformSupportModulesInManaged (12ms)
				SetLoadedEditorAssemblies (0ms)
				RefreshPlugins (148ms)
				BeforeProcessingInitializeOnLoad (157ms)
				ProcessInitializeOnLoadAttributes (329ms)
				ProcessInitializeOnLoadMethodAttributes (131ms)
				AfterProcessingInitializeOnLoad (18ms)
				EditorAssembliesLoaded (0ms)
			ExecutionOrderSort2 (0ms)
			AwakeInstancesAfterBackupRestoration (8ms)
Platform modules already initialized, skipping
========================================================================
Worker process is ready to serve import requests
Launched and connected shader compiler UnityShaderCompiler.exe after 0.06 seconds
Refreshing native plugins compatible for Editor in 2.24 ms, found 4 plugins.
Preloading 0 native plugins for Editor in 0.00 ms.
Unloading 5529 Unused Serialized files (Serialized files now loaded: 0)
Unloading 43 unused Assets / (0.7 MB). Loaded Objects now: 5981.
Memory consumption went from 214.5 MB to 213.8 MB.
Total: 8.392700 ms (FindLiveObjects: 0.771400 ms CreateObjectMapping: 0.471300 ms MarkObjects: 6.608700 ms  DeleteObjects: 0.539500 ms)

AssetImportParameters requested are different than current active one (requested -> active):
  custom:video-decoder-ogg-theora: a1e56fd34408186e4bbccfd4996cb3dc -> 
  custom:container-muxer-webm: aa71ff27fc2769a1b78a27578f13a17b -> 
  custom:container-demuxer-webm: 4f35f7cbe854078d1ac9338744f61a02 -> 
  custom:video-encoder-webm-vp8: eb34c28f22e8b96e1ab97ce403110664 -> 
  custom:audio-encoder-webm-vorbis: bf7c407c2cedff20999df2af8eb42d56 -> 
  custom:framework-win-MediaFoundation: 216162199b28c13a410421893ffa2e32 -> 
  custom:container-demuxer-ogg: 62fdf1f143b41e24485cea50d1cbac27 -> 
  custom:video-decoder-webm-vp8: 9c59270c3fd7afecdb556c50c9e8de78 -> 
  custom:audio-decoder-ogg-vorbis: bf7c407c2cedff20999df2af8eb42d56 -> 
========================================================================
Received Import Request.
  Time since last request: 480326.780685 seconds.
  path: Assets/Sprites/MedievalFantasyAdventurerSprites/Blocky_VikingVillage_Tileset.png
  artifactKey: Guid(d8f30cfc0b5a8e944ae751eae76b57be) Importer(815301076,1909f56bfc062723c751e8b465ee728b)
Start importing Assets/Sprites/MedievalFantasyAdventurerSprites/Blocky_VikingVillage_Tileset.png using Guid(d8f30cfc0b5a8e944ae751eae76b57be) Importer(815301076,1909f56bfc062723c751e8b465ee728b)  -> (artifact id: '502ad25d58b6bcaabcb6a0858157058c') in 1.894701 seconds 
========================================================================
Received Import Request.
  Time since last request: 121.992037 seconds.
  path: Assets/Sprites/MedievalFantasyAdventurerSprites/Blocky_VikingVillage_Tileset.png
  artifactKey: Guid(d8f30cfc0b5a8e944ae751eae76b57be) Importer(815301076,1909f56bfc062723c751e8b465ee728b)
Start importing Assets/Sprites/MedievalFantasyAdventurerSprites/Blocky_VikingVillage_Tileset.png using Guid(d8f30cfc0b5a8e944ae751eae76b57be) Importer(815301076,1909f56bfc062723c751e8b465ee728b)  -> (artifact id: '84aedc33a3d8a00d82d8bf9509bf302c') in 1.596425 seconds 
========================================================================
Received Import Request.
  Time since last request: 127.531536 seconds.
  path: Assets/ScriptableObjects/GenerationSettings.asset
  artifactKey: Guid(10e00fb228371a942965f9c6b0444a81) Importer(815301076,1909f56bfc062723c751e8b465ee728b)
Start importing Assets/ScriptableObjects/GenerationSettings.asset using Guid(10e00fb228371a942965f9c6b0444a81) Importer(815301076,1909f56bfc062723c751e8b465ee728b)  -> (artifact id: '43d579e161c1d5dc18ca15b12c1112c6') in 0.021029 seconds 
========================================================================
Received Import Request.
  Time since last request: 15.718582 seconds.
  path: Assets/ScriptableObjects
  artifactKey: Guid(e0f30a65f6ed99247a88ec45c64ae350) Importer(815301076,1909f56bfc062723c751e8b465ee728b)
Start importing Assets/ScriptableObjects using Guid(e0f30a65f6ed99247a88ec45c64ae350) Importer(815301076,1909f56bfc062723c751e8b465ee728b)  -> (artifact id: 'd8873ce1830359bedbde8ec4ce6da68f') in 0.013608 seconds 
========================================================================
Received Import Request.
  Time since last request: 7.725418 seconds.
  path: Assets/ScriptableObjects/BiomeForest.asset
  artifactKey: Guid(8c6797d8e81e7e544bd340be8dcf2fa5) Importer(815301076,1909f56bfc062723c751e8b465ee728b)
Start importing Assets/ScriptableObjects/BiomeForest.asset using Guid(8c6797d8e81e7e544bd340be8dcf2fa5) Importer(815301076,1909f56bfc062723c751e8b465ee728b)  -> (artifact id: 'de29b03b8f470fd9ec7918ae5ee9f924') in 0.014600 seconds 
========================================================================
Received Import Request.
  Time since last request: 11.761720 seconds.
  path: Assets/ScriptableObjects/BiomeDesert.asset
  artifactKey: Guid(7d2e049de4fd71840a0c0e6580bd90d8) Importer(815301076,1909f56bfc062723c751e8b465ee728b)
Start importing Assets/ScriptableObjects/BiomeDesert.asset using Guid(7d2e049de4fd71840a0c0e6580bd90d8) Importer(815301076,1909f56bfc062723c751e8b465ee728b)  -> (artifact id: '4f1cc5e3ea9e1fbc171f6439b876878c') in 0.012936 seconds 
========================================================================
Received Import Request.
  Time since last request: 16.525427 seconds.
  path: Assets/ScriptableObjects/WFCTileset.asset
  artifactKey: Guid(ec89e1ecb34deed448d1f95171990238) Importer(815301076,1909f56bfc062723c751e8b465ee728b)
Start importing Assets/ScriptableObjects/WFCTileset.asset using Guid(ec89e1ecb34deed448d1f95171990238) Importer(815301076,1909f56bfc062723c751e8b465ee728b)  -> (artifact id: '36e361bc96e58611c53167fe6cde3a3e') in 0.012780 seconds 
========================================================================
Received Import Request.
  Time since last request: 7.221590 seconds.
  path: Assets/Tilemap/Viking/Blocky_VikingVillage_Tileset_0.asset
  artifactKey: Guid(3b51e8ebaa88ce14bb517ab93a0d12fe) Importer(815301076,1909f56bfc062723c751e8b465ee728b)
Start importing Assets/Tilemap/Viking/Blocky_VikingVillage_Tileset_0.asset using Guid(3b51e8ebaa88ce14bb517ab93a0d12fe) Importer(815301076,1909f56bfc062723c751e8b465ee728b)  -> (artifact id: '5208a6a749853ed4aa13a5ba6002073c') in 0.057327 seconds 
========================================================================
Received Import Request.
  Time since last request: 0.000031 seconds.
  path: Assets/Tilemap/Viking/Blocky_VikingVillage_Tileset_68.asset
  artifactKey: Guid(8626378a485ebfe4493ff78e45c6a76c) Importer(815301076,1909f56bfc062723c751e8b465ee728b)
Start importing Assets/Tilemap/Viking/Blocky_VikingVillage_Tileset_68.asset using Guid(8626378a485ebfe4493ff78e45c6a76c) Importer(815301076,1909f56bfc062723c751e8b465ee728b)  -> (artifact id: 'afd82ee6962da52de14c3310e6f8f993') in 0.046371 seconds 
========================================================================
Received Import Request.
  Time since last request: 0.000034 seconds.
  path: Assets/Tilemap/Viking/Blocky_VikingVillage_Tileset_11.asset
  artifactKey: Guid(485d50c8c9b5bbe4d8ac90b9d9131509) Importer(815301076,1909f56bfc062723c751e8b465ee728b)
Start importing Assets/Tilemap/Viking/Blocky_VikingVillage_Tileset_11.asset using Guid(485d50c8c9b5bbe4d8ac90b9d9131509) Importer(815301076,1909f56bfc062723c751e8b465ee728b)  -> (artifact id: '20930ba80e83635f141d8a0bc98e53ed') in 0.044697 seconds 
========================================================================
Received Import Request.
  Time since last request: 0.000038 seconds.
  path: Assets/Tilemap/Viking/Blocky_VikingVillage_Tileset_49.asset
  artifactKey: Guid(cb9384d9a30081540a50ba68c70cc0bd) Importer(815301076,1909f56bfc062723c751e8b465ee728b)
Start importing Assets/Tilemap/Viking/Blocky_VikingVillage_Tileset_49.asset using Guid(cb9384d9a30081540a50ba68c70cc0bd) Importer(815301076,1909f56bfc062723c751e8b465ee728b)  -> (artifact id: 'ed126ab5450e0170d1f3829c69ed171f') in 0.035307 seconds 
========================================================================
Received Import Request.
  Time since last request: 0.000040 seconds.
  path: Assets/Tilemap/Viking/Blocky_VikingVillage_Tileset_26.asset
  artifactKey: Guid(7ae98dc597c9c0047bf9f2825c79ca90) Importer(815301076,1909f56bfc062723c751e8b465ee728b)
Start importing Assets/Tilemap/Viking/Blocky_VikingVillage_Tileset_26.asset using Guid(7ae98dc597c9c0047bf9f2825c79ca90) Importer(815301076,1909f56bfc062723c751e8b465ee728b)  -> (artifact id: '58007f506ee860f6af03aa8e936ae3cb') in 0.031737 seconds 
========================================================================
Received Import Request.
  Time since last request: 0.000039 seconds.
  path: Assets/Tilemap/Viking/Blocky_VikingVillage_Tileset_39.asset
  artifactKey: Guid(093207f712c576c4d802cee91b93b73d) Importer(815301076,1909f56bfc062723c751e8b465ee728b)
Start importing Assets/Tilemap/Viking/Blocky_VikingVillage_Tileset_39.asset using Guid(093207f712c576c4d802cee91b93b73d) Importer(815301076,1909f56bfc062723c751e8b465ee728b)  -> (artifact id: '4dac4d655f21ea3dfc12dc05e1b8690c') in 0.035664 seconds 
========================================================================
Received Import Request.
  Time since last request: 0.000040 seconds.
  path: Assets/Tilemap/Viking/Blocky_VikingVillage_Tileset_37.asset
  artifactKey: Guid(bb3fb9175d68b814b9f11dba26c47b8c) Importer(815301076,1909f56bfc062723c751e8b465ee728b)
Start importing Assets/Tilemap/Viking/Blocky_VikingVillage_Tileset_37.asset using Guid(bb3fb9175d68b814b9f11dba26c47b8c) Importer(815301076,1909f56bfc062723c751e8b465ee728b)  -> (artifact id: '1331061fb061d1d426e31b7f961fd34e') in 0.035685 seconds 
========================================================================
Received Import Request.
  Time since last request: 0.000026 seconds.
  path: Assets/Tilemap/Viking/Blocky_VikingVillage_Tileset_33.asset
  artifactKey: Guid(860ff001ccfa5f44c8c67236850aadce) Importer(815301076,1909f56bfc062723c751e8b465ee728b)
Start importing Assets/Tilemap/Viking/Blocky_VikingVillage_Tileset_33.asset using Guid(860ff001ccfa5f44c8c67236850aadce) Importer(815301076,1909f56bfc062723c751e8b465ee728b)  -> (artifact id: '2e1194f0d70efac88b1ab626c7e7da86') in 0.035520 seconds 
========================================================================
Received Import Request.
  Time since last request: 0.000048 seconds.
  path: Assets/Tilemap/Viking/Blocky_VikingVillage_Tileset_29.asset
  artifactKey: Guid(ce032ceea94f834498d1c2b589873407) Importer(815301076,1909f56bfc062723c751e8b465ee728b)
Start importing Assets/Tilemap/Viking/Blocky_VikingVillage_Tileset_29.asset using Guid(ce032ceea94f834498d1c2b589873407) Importer(815301076,1909f56bfc062723c751e8b465ee728b)  -> (artifact id: 'cdfc613136efe08617d51e006a884067') in 0.035145 seconds 
========================================================================
Received Import Request.
  Time since last request: 0.000028 seconds.
  path: Assets/Tilemap/Viking/Blocky_VikingVillage_Tileset_55.asset
  artifactKey: Guid(e50394a714c3b4048aa73b6a3da79846) Importer(815301076,1909f56bfc062723c751e8b465ee728b)
Start importing Assets/Tilemap/Viking/Blocky_VikingVillage_Tileset_55.asset using Guid(e50394a714c3b4048aa73b6a3da79846) Importer(815301076,1909f56bfc062723c751e8b465ee728b)  -> (artifact id: '9e36d8cd9ba12dd8119aebb57bef4891') in 0.041278 seconds 
========================================================================
Received Import Request.
  Time since last request: 0.000029 seconds.
  path: Assets/Tilemap/Viking/Blocky_VikingVillage_Tileset_72.asset
  artifactKey: Guid(3ca0e29efa7c5d8408bf124a6555b35a) Importer(815301076,1909f56bfc062723c751e8b465ee728b)
Start importing Assets/Tilemap/Viking/Blocky_VikingVillage_Tileset_72.asset using Guid(3ca0e29efa7c5d8408bf124a6555b35a) Importer(815301076,1909f56bfc062723c751e8b465ee728b)  -> (artifact id: '8866a07a8175badb618df94227472a49') in 0.033553 seconds 
========================================================================
Received Import Request.
  Time since last request: 0.000044 seconds.
  path: Assets/Tilemap/Viking/Blocky_VikingVillage_Tileset_73.asset
  artifactKey: Guid(6bbde1caf6e9a694f81acd8ebfaece11) Importer(815301076,1909f56bfc062723c751e8b465ee728b)
Start importing Assets/Tilemap/Viking/Blocky_VikingVillage_Tileset_73.asset using Guid(6bbde1caf6e9a694f81acd8ebfaece11) Importer(815301076,1909f56bfc062723c751e8b465ee728b)  -> (artifact id: '289cd4c02c196ca412c64aceae93c34d') in 0.040093 seconds 
========================================================================
Received Import Request.
  Time since last request: 0.000032 seconds.
  path: Assets/Tilemap/Viking/Blocky_VikingVillage_Tileset_5.asset
  artifactKey: Guid(125d46478d337d04bb1e88c3b4bc60fe) Importer(815301076,1909f56bfc062723c751e8b465ee728b)
Start importing Assets/Tilemap/Viking/Blocky_VikingVillage_Tileset_5.asset using Guid(125d46478d337d04bb1e88c3b4bc60fe) Importer(815301076,1909f56bfc062723c751e8b465ee728b)  -> (artifact id: 'fae4ceb3fea0a8ed0caee482ca9c2bc9') in 0.036799 seconds 
========================================================================
Received Import Request.
  Time since last request: 0.000034 seconds.
  path: Assets/Tilemap/Viking/Blocky_VikingVillage_Tileset_3.asset
  artifactKey: Guid(9a74c5e29b5ef7e4f841bbb00eb1b67d) Importer(815301076,1909f56bfc062723c751e8b465ee728b)
Start importing Assets/Tilemap/Viking/Blocky_VikingVillage_Tileset_3.asset using Guid(9a74c5e29b5ef7e4f841bbb00eb1b67d) Importer(815301076,1909f56bfc062723c751e8b465ee728b)  -> (artifact id: '2606b71359d40908578ca409c2839f23') in 0.039267 seconds 
========================================================================
Received Import Request.
  Time since last request: 0.000039 seconds.
  path: Assets/Tilemap/Viking/Blocky_VikingVillage_Tileset_25.asset
  artifactKey: Guid(c0226b370faf58d4ab7a5b059711f296) Importer(815301076,1909f56bfc062723c751e8b465ee728b)
Start importing Assets/Tilemap/Viking/Blocky_VikingVillage_Tileset_25.asset using Guid(c0226b370faf58d4ab7a5b059711f296) Importer(815301076,1909f56bfc062723c751e8b465ee728b)  -> (artifact id: 'f317ec8c8a1fc325dcd2ed058c2f63cf') in 0.036691 seconds 
========================================================================
Received Import Request.
  Time since last request: 0.000032 seconds.
  path: Assets/Tilemap/Viking/Blocky_VikingVillage_Tileset_19.asset
  artifactKey: Guid(0a7abc07b723751458d440cede0ed80d) Importer(815301076,1909f56bfc062723c751e8b465ee728b)
Start importing Assets/Tilemap/Viking/Blocky_VikingVillage_Tileset_19.asset using Guid(0a7abc07b723751458d440cede0ed80d) Importer(815301076,1909f56bfc062723c751e8b465ee728b)  -> (artifact id: '180b5c8047d6948f33d4fc957228d865') in 0.058313 seconds 
========================================================================
Received Import Request.
  Time since last request: 0.000040 seconds.
  path: Assets/Tilemap/Viking/Blocky_VikingVillage_Tileset_38.asset
  artifactKey: Guid(ab744a8c6c3d556408584287bff83ce1) Importer(815301076,1909f56bfc062723c751e8b465ee728b)
Start importing Assets/Tilemap/Viking/Blocky_VikingVillage_Tileset_38.asset using Guid(ab744a8c6c3d556408584287bff83ce1) Importer(815301076,1909f56bfc062723c751e8b465ee728b)  -> (artifact id: '00cb65bfafa130f47588e80c828ee2e2') in 0.035728 seconds 
========================================================================
Received Import Request.
  Time since last request: 0.000032 seconds.
  path: Assets/Tilemap/Viking/Blocky_VikingVillage_Tileset_67.asset
  artifactKey: Guid(4a55e6f2e6b6dfc4ea3fb9d471fb3688) Importer(815301076,1909f56bfc062723c751e8b465ee728b)
Start importing Assets/Tilemap/Viking/Blocky_VikingVillage_Tileset_67.asset using Guid(4a55e6f2e6b6dfc4ea3fb9d471fb3688) Importer(815301076,1909f56bfc062723c751e8b465ee728b)  -> (artifact id: '1849655dceba313d4739df301f06b093') in 0.032771 seconds 
========================================================================
Received Import Request.
  Time since last request: 0.000032 seconds.
  path: Assets/Tilemap/Viking/Blocky_VikingVillage_Tileset_52.asset
  artifactKey: Guid(5b455f2cbbc2cdf418d2540d00439819) Importer(815301076,1909f56bfc062723c751e8b465ee728b)
Start importing Assets/Tilemap/Viking/Blocky_VikingVillage_Tileset_52.asset using Guid(5b455f2cbbc2cdf418d2540d00439819) Importer(815301076,1909f56bfc062723c751e8b465ee728b)  -> (artifact id: 'c7b46f6b0abe8a78802471b6c4e3ec33') in 0.035318 seconds 
========================================================================
Received Import Request.
  Time since last request: 0.000036 seconds.
  path: Assets/Tilemap/Viking/Blocky_VikingVillage_Tileset_60.asset
  artifactKey: Guid(601f490feb24891489b96c5e4c472ada) Importer(815301076,1909f56bfc062723c751e8b465ee728b)
Start importing Assets/Tilemap/Viking/Blocky_VikingVillage_Tileset_60.asset using Guid(601f490feb24891489b96c5e4c472ada) Importer(815301076,1909f56bfc062723c751e8b465ee728b)  -> (artifact id: 'e41616b336cb3c155e5b48d0be4883d8') in 0.035423 seconds 
========================================================================
Received Import Request.
  Time since last request: 0.000053 seconds.
  path: Assets/Tilemap/Viking/Blocky_VikingVillage_Tileset_41.asset
  artifactKey: Guid(7e79d0623ae95854aa1c5b38dc2dd3dc) Importer(815301076,1909f56bfc062723c751e8b465ee728b)
Start importing Assets/Tilemap/Viking/Blocky_VikingVillage_Tileset_41.asset using Guid(7e79d0623ae95854aa1c5b38dc2dd3dc) Importer(815301076,1909f56bfc062723c751e8b465ee728b)  -> (artifact id: '34db82ab06c2247d2f8e710ad7c93d11') in 0.034791 seconds 
========================================================================
Received Import Request.
  Time since last request: 0.000041 seconds.
  path: Assets/Tilemap/Viking/Blocky_VikingVillage_Tileset_57.asset
  artifactKey: Guid(3ccdccae11ae288489ba1db60eae11e9) Importer(815301076,1909f56bfc062723c751e8b465ee728b)
Start importing Assets/Tilemap/Viking/Blocky_VikingVillage_Tileset_57.asset using Guid(3ccdccae11ae288489ba1db60eae11e9) Importer(815301076,1909f56bfc062723c751e8b465ee728b)  -> (artifact id: 'e501c0ba59467114ef47dcfa5c2e6695') in 0.034259 seconds 
========================================================================
Received Import Request.
  Time since last request: 0.000031 seconds.
  path: Assets/Tilemap/Viking/Blocky_VikingVillage_Tileset_13.asset
  artifactKey: Guid(5246e24b875102541b43491e8ccbe5c2) Importer(815301076,1909f56bfc062723c751e8b465ee728b)
Start importing Assets/Tilemap/Viking/Blocky_VikingVillage_Tileset_13.asset using Guid(5246e24b875102541b43491e8ccbe5c2) Importer(815301076,1909f56bfc062723c751e8b465ee728b)  -> (artifact id: '525d18767af8898689115baebec8a522') in 0.035669 seconds 
========================================================================
Received Import Request.
  Time since last request: 0.000034 seconds.
  path: Assets/Tilemap/Viking/Blocky_VikingVillage_Tileset_10.asset
  artifactKey: Guid(f1e135ecdbfb5384ba30c9aef68d9f02) Importer(815301076,1909f56bfc062723c751e8b465ee728b)
Start importing Assets/Tilemap/Viking/Blocky_VikingVillage_Tileset_10.asset using Guid(f1e135ecdbfb5384ba30c9aef68d9f02) Importer(815301076,1909f56bfc062723c751e8b465ee728b)  -> (artifact id: 'a7ad59159dc2f39a8838358acba5bb84') in 0.032432 seconds 
========================================================================
Received Import Request.
  Time since last request: 0.000024 seconds.
  path: Assets/Tilemap/Viking/Blocky_VikingVillage_Tileset_71.asset
  artifactKey: Guid(00b2a52d327b6ee4e9eae3afeffe59b1) Importer(815301076,1909f56bfc062723c751e8b465ee728b)
Start importing Assets/Tilemap/Viking/Blocky_VikingVillage_Tileset_71.asset using Guid(00b2a52d327b6ee4e9eae3afeffe59b1) Importer(815301076,1909f56bfc062723c751e8b465ee728b)  -> (artifact id: 'd6da2ee472ee720cd1ff11e714ca1312') in 0.038696 seconds 
========================================================================
Received Import Request.
  Time since last request: 0.000035 seconds.
  path: Assets/Tilemap/Viking/Blocky_VikingVillage_Tileset_22.asset
  artifactKey: Guid(ba9a554c1b2d8b44db644b7c48923dc8) Importer(815301076,1909f56bfc062723c751e8b465ee728b)
Start importing Assets/Tilemap/Viking/Blocky_VikingVillage_Tileset_22.asset using Guid(ba9a554c1b2d8b44db644b7c48923dc8) Importer(815301076,1909f56bfc062723c751e8b465ee728b)  -> (artifact id: 'da97a159ed96281c67b37785769eba62') in 0.037026 seconds 
========================================================================
Received Import Request.
  Time since last request: 0.000050 seconds.
  path: Assets/Tilemap/Viking/Blocky_VikingVillage_Tileset_63.asset
  artifactKey: Guid(9850bd1c609d3ab458f8c4f3669ba8c1) Importer(815301076,1909f56bfc062723c751e8b465ee728b)
Start importing Assets/Tilemap/Viking/Blocky_VikingVillage_Tileset_63.asset using Guid(9850bd1c609d3ab458f8c4f3669ba8c1) Importer(815301076,1909f56bfc062723c751e8b465ee728b)  -> (artifact id: '4e5828e968f8f4b35aea9fdf2234a709') in 0.033648 seconds 
========================================================================
Received Import Request.
  Time since last request: 0.000027 seconds.
  path: Assets/Tilemap/Viking/Blocky_VikingVillage_Tileset_69.asset
  artifactKey: Guid(4e051beedf85bbb4ebb448d3cf8f3c2b) Importer(815301076,1909f56bfc062723c751e8b465ee728b)
Start importing Assets/Tilemap/Viking/Blocky_VikingVillage_Tileset_69.asset using Guid(4e051beedf85bbb4ebb448d3cf8f3c2b) Importer(815301076,1909f56bfc062723c751e8b465ee728b)  -> (artifact id: 'fe927a256c8217cc1e1d5db4e450b609') in 0.033257 seconds 
========================================================================
Received Import Request.
  Time since last request: 0.000024 seconds.
  path: Assets/Tilemap/Viking/Blocky_VikingVillage_Tileset_70.asset
  artifactKey: Guid(34bbf12d9773a7d4a8c498ff53f1c03f) Importer(815301076,1909f56bfc062723c751e8b465ee728b)
Start importing Assets/Tilemap/Viking/Blocky_VikingVillage_Tileset_70.asset using Guid(34bbf12d9773a7d4a8c498ff53f1c03f) Importer(815301076,1909f56bfc062723c751e8b465ee728b)  -> (artifact id: 'c1683b0ad4610da30692eef60f3ea69e') in 0.036078 seconds 
========================================================================
Received Import Request.
  Time since last request: 0.000027 seconds.
  path: Assets/Tilemap/Viking/Blocky_VikingVillage_Tileset_75.asset
  artifactKey: Guid(7df531e7180faf84584d2f2f6feb7b47) Importer(815301076,1909f56bfc062723c751e8b465ee728b)
Start importing Assets/Tilemap/Viking/Blocky_VikingVillage_Tileset_75.asset using Guid(7df531e7180faf84584d2f2f6feb7b47) Importer(815301076,1909f56bfc062723c751e8b465ee728b)  -> (artifact id: '21419a216544522c728576dd9d1bacb5') in 0.033185 seconds 
========================================================================
Received Import Request.
  Time since last request: 0.000037 seconds.
  path: Assets/Tilemap/Viking/Blocky_VikingVillage_Tileset_31.asset
  artifactKey: Guid(df32be6020512af4491ef1828fa2702c) Importer(815301076,1909f56bfc062723c751e8b465ee728b)
Start importing Assets/Tilemap/Viking/Blocky_VikingVillage_Tileset_31.asset using Guid(df32be6020512af4491ef1828fa2702c) Importer(815301076,1909f56bfc062723c751e8b465ee728b)  -> (artifact id: '7b39005dd974d19f34fb4f173d3f49c3') in 0.035565 seconds 
========================================================================
Received Import Request.
  Time since last request: 0.000037 seconds.
  path: Assets/Tilemap/Viking/Blocky_VikingVillage_Tileset_61.asset
  artifactKey: Guid(11770cb72dcde0b41aaff3542ae75972) Importer(815301076,1909f56bfc062723c751e8b465ee728b)
Start importing Assets/Tilemap/Viking/Blocky_VikingVillage_Tileset_61.asset using Guid(11770cb72dcde0b41aaff3542ae75972) Importer(815301076,1909f56bfc062723c751e8b465ee728b)  -> (artifact id: '3fba3ce6b2b2dd95820e8dd42bb3c49d') in 0.036594 seconds 
========================================================================
Received Import Request.
  Time since last request: 0.000042 seconds.
  path: Assets/Tilemap/Viking/Blocky_VikingVillage_Tileset_32.asset
  artifactKey: Guid(468d35de78eafa840b951fddc05f3d69) Importer(815301076,1909f56bfc062723c751e8b465ee728b)
Start importing Assets/Tilemap/Viking/Blocky_VikingVillage_Tileset_32.asset using Guid(468d35de78eafa840b951fddc05f3d69) Importer(815301076,1909f56bfc062723c751e8b465ee728b)  -> (artifact id: '6b13c36b70a95a0837dc681365612b88') in 0.036040 seconds 
========================================================================
Received Import Request.
  Time since last request: 0.000025 seconds.
  path: Assets/Tilemap/Viking/Blocky_VikingVillage_Tileset_40.asset
  artifactKey: Guid(a24f631a58887e6408778e7aef5533fb) Importer(815301076,1909f56bfc062723c751e8b465ee728b)
Start importing Assets/Tilemap/Viking/Blocky_VikingVillage_Tileset_40.asset using Guid(a24f631a58887e6408778e7aef5533fb) Importer(815301076,1909f56bfc062723c751e8b465ee728b)  -> (artifact id: '56afd4078ae5ebd07f289df3300f2892') in 0.034272 seconds 
========================================================================
Received Import Request.
  Time since last request: 0.000043 seconds.
  path: Assets/Tilemap/Viking/Blocky_VikingVillage_Tileset_66.asset
  artifactKey: Guid(793397b8ab94725489cb4c474002715f) Importer(815301076,1909f56bfc062723c751e8b465ee728b)
Start importing Assets/Tilemap/Viking/Blocky_VikingVillage_Tileset_66.asset using Guid(793397b8ab94725489cb4c474002715f) Importer(815301076,1909f56bfc062723c751e8b465ee728b)  -> (artifact id: '764a2b8a422a6305ac743252fd0d2666') in 0.039057 seconds 
========================================================================
Received Import Request.
  Time since last request: 0.000036 seconds.
  path: Assets/Tilemap/Viking/Blocky_VikingVillage_Tileset_9.asset
  artifactKey: Guid(97154472cf2a15b4594ba3ae3ce217f1) Importer(815301076,1909f56bfc062723c751e8b465ee728b)
Start importing Assets/Tilemap/Viking/Blocky_VikingVillage_Tileset_9.asset using Guid(97154472cf2a15b4594ba3ae3ce217f1) Importer(815301076,1909f56bfc062723c751e8b465ee728b)  -> (artifact id: 'cfd70b08fd2531b2d93cc2e468d557be') in 0.034481 seconds 
========================================================================
Received Import Request.
  Time since last request: 0.000028 seconds.
  path: Assets/Tilemap/Viking/Blocky_VikingVillage_Tileset_62.asset
  artifactKey: Guid(3b58b92ff9b2e6647b0bb383cc1d1aec) Importer(815301076,1909f56bfc062723c751e8b465ee728b)
Start importing Assets/Tilemap/Viking/Blocky_VikingVillage_Tileset_62.asset using Guid(3b58b92ff9b2e6647b0bb383cc1d1aec) Importer(815301076,1909f56bfc062723c751e8b465ee728b)  -> (artifact id: '2f69cc9eb04f7626fb39dd9ab7d88f61') in 0.034245 seconds 
========================================================================
Received Import Request.
  Time since last request: 0.000075 seconds.
  path: Assets/Tilemap/Viking/Blocky_VikingVillage_Tileset_65.asset
  artifactKey: Guid(c6c1bbc566ec0c14bb735379a4b93213) Importer(815301076,1909f56bfc062723c751e8b465ee728b)
Start importing Assets/Tilemap/Viking/Blocky_VikingVillage_Tileset_65.asset using Guid(c6c1bbc566ec0c14bb735379a4b93213) Importer(815301076,1909f56bfc062723c751e8b465ee728b)  -> (artifact id: '6a39732c8888f713b38bd817073dd98b') in 0.034674 seconds 
========================================================================
Received Import Request.
  Time since last request: 0.000047 seconds.
  path: Assets/Tilemap/Viking/Blocky_VikingVillage_Tileset_76.asset
  artifactKey: Guid(6309b161c5b14d94daeb83bdbd4b15e9) Importer(815301076,1909f56bfc062723c751e8b465ee728b)
Start importing Assets/Tilemap/Viking/Blocky_VikingVillage_Tileset_76.asset using Guid(6309b161c5b14d94daeb83bdbd4b15e9) Importer(815301076,1909f56bfc062723c751e8b465ee728b)  -> (artifact id: 'f36d9158791bcabbc085455d40c0197e') in 0.034058 seconds 
Editor requested this worker to shutdown with reason: Scaling down because of idle timeout
AssetImportWorker is now disconnected from the server
Process exiting
Exiting without the bug reporter. Application will terminate with return code 0